生成启动时间为 10/20/2014 12:12:10 PM。
     1>项目“E:\C-p\code\nsi\nsi\nsi.vcxproj”在节点 2 上(build 个目标)。
     1>InitializeBuildStatus:
         正在创建“Debug\nsi.unsuccessfulbuild”，因为已指定“AlwaysCreate”。
       ClCompile:
         C:\Program Files (x86)\Microsoft Visual Studio 10.0\VC\bin\CL.exe /c /ZI /nologo /W3 /WX- /Od /Oy- /D WIN32 /D _DEBUG /D _CONSOLE /D _UNICODE /D UNICODE /Gm /EHsc /RTC1 /MDd /GS /fp:precise /Zc:wchar_t /Zc:forScope /Fo"Debug\\" /Fd"Debug\vc100.pdb" /Gd /TP /analyze- /errorReport:prompt nsi.cpp
         nsi.cpp
     1>e:\c-p\code\nsi\nsi\setting.h(9): warning C4305: “初始化”: 从“double”到“float”截断
     1>e:\c-p\code\nsi\nsi\setting.h(11): warning C4305: “初始化”: 从“double”到“float”截断
     1>e:\c-p\code\nsi\nsi\nsi.cpp(28): warning C4018: “<”: 有符号/无符号不匹配
     1>e:\c-p\code\nsi\nsi\nsi.cpp(45): warning C4018: “<”: 有符号/无符号不匹配
     1>e:\c-p\code\nsi\nsi\nsi.cpp(60): warning C4018: “<”: 有符号/无符号不匹配
     1>e:\c-p\code\nsi\nsi\nsi.cpp(65): warning C4018: “<”: 有符号/无符号不匹配
     1>e:\c-p\code\nsi\nsi\nsi.cpp(66): warning C4018: “<”: 有符号/无符号不匹配
     1>e:\c-p\code\nsi\nsi\nsi.cpp(69): warning C4018: “<”: 有符号/无符号不匹配
     1>e:\c-p\code\nsi\nsi\nsi.cpp(72): warning C4018: “<”: 有符号/无符号不匹配
     1>e:\c-p\code\nsi\nsi\nsi.cpp(78): warning C4018: “<”: 有符号/无符号不匹配
     1>e:\c-p\code\nsi\nsi\nsi.cpp(79): warning C4018: “<”: 有符号/无符号不匹配
     1>e:\c-p\code\nsi\nsi\nsi.cpp(82): warning C4018: “<”: 有符号/无符号不匹配
     1>e:\c-p\code\nsi\nsi\nsi.cpp(129): warning C4018: “<”: 有符号/无符号不匹配
     1>e:\c-p\code\nsi\nsi\nsi.cpp(135): warning C4018: “<”: 有符号/无符号不匹配
     1>e:\c-p\code\nsi\nsi\nsi.cpp(141): warning C4018: “<”: 有符号/无符号不匹配
     1>e:\c-p\code\nsi\nsi\nsi.cpp(154): warning C4244: “参数”: 从“time_t”转换到“unsigned int”，可能丢失数据
     1>e:\c-p\code\nsi\nsi\nsi.cpp(188): warning C4018: “<”: 有符号/无符号不匹配
     1>e:\c-p\code\nsi\nsi\nsi.cpp(199): warning C4018: “<”: 有符号/无符号不匹配
     1>e:\c-p\code\nsi\nsi\nsi.cpp(251): warning C4018: “<”: 有符号/无符号不匹配
       ManifestResourceCompile:
         所有输出均为最新。
       Link:
         C:\Program Files (x86)\Microsoft Visual Studio 10.0\VC\bin\link.exe /ERRORREPORT:PROMPT /OUT:"E:\C-p\code\nsi\Debug\nsi.exe" /INCREMENTAL /NOLOGO opencv_ml249d.lib opencv_calib3d249d.lib opencv_contrib249d.lib opencv_core249d.lib opencv_features2d249d.lib opencv_flann249d.lib opencv_gpu249d.lib opencv_highgui249d.lib opencv_imgproc249d.lib opencv_legacy249d.lib opencv_objdetect249d.lib opencv_ts249d.lib opencv_video249d.lib opencv_nonfree249d.lib opencv_ocl249d.lib opencv_photo249d.lib opencv_stitching249d.lib opencv_superres249d.lib opencv_videostab249d.lib opencv_objdetect249.lib opencv_ts249.lib opencv_video249.lib opencv_nonfree249.lib opencv_ocl249.lib opencv_photo249.lib opencv_stitching249.lib opencv_superres249.lib opencv_videostab249.lib opencv_calib3d249.lib opencv_contrib249.lib opencv_core249.lib opencv_features2d249.lib opencv_flann249.lib opencv_gpu249.lib opencv_highgui249.lib opencv_imgproc249.lib opencv_legacy249.lib opencv_ml249.lib kernel32.lib user32.lib gdi32.lib winspool.lib comdlg32.lib advapi32.lib shell32.lib ole32.lib oleaut32.lib uuid.lib odbc32.lib odbccp32.lib /MANIFEST /ManifestFile:"Debug\nsi.exe.intermediate.manifest" /MANIFESTUAC:"level='asInvoker' uiAccess='false'" /DEBUG /PDB:"E:\C-p\code\nsi\Debug\nsi.pdb" /SUBSYSTEM:CONSOLE /HEAP:"0x10000000","0x10000000" /STACK:"0x10000000","0x10000000" /TLBID:1 /DYNAMICBASE /NXCOMPAT /IMPLIB:"E:\C-p\code\nsi\Debug\nsi.lib" /MACHINE:X86 Debug\nsi.exe.embed.manifest.res
         Debug\netdata.obj
         Debug\nsi.obj
         LINK : 没有找到 E:\C-p\code\nsi\Debug\nsi.exe 或上一个增量链接没有生成它；正在执行完全链接
       Manifest:
         C:\Program Files (x86)\Microsoft SDKs\Windows\v7.0A\bin\mt.exe /nologo /verbose /out:"Debug\nsi.exe.embed.manifest" /manifest Debug\nsi.exe.intermediate.manifest
         所有输出均为最新。
       LinkEmbedManifest:
         所有输出均为最新。
         nsi.vcxproj -> E:\C-p\code\nsi\Debug\nsi.exe
       FinalizeBuildStatus:
         正在删除文件“Debug\nsi.unsuccessfulbuild”。
         正在对“Debug\nsi.lastbuildstate”执行 Touch 任务。
     1>已完成生成项目“E:\C-p\code\nsi\nsi\nsi.vcxproj”(build 个目标)的操作。

生成成功。

已用时间 00:00:02.16
