E:\C-P\CODE\NSI\DEBUG\NSI.EXE
E:\C-P\CODE\NSI\DEBUG\NSI.ILK
E:\C-P\CODE\NSI\DEBUG\NSI.PDB
E:\C-p\code\nsi\nsi\Debug\cl.command.1.tlog
E:\C-p\code\nsi\nsi\Debug\CL.read.1.tlog
E:\C-p\code\nsi\nsi\Debug\CL.write.1.tlog
E:\C-p\code\nsi\nsi\Debug\link.10624.read.1.tlog
E:\C-p\code\nsi\nsi\Debug\link.10624.write.1.tlog
E:\C-p\code\nsi\nsi\Debug\link.10624-cvtres.read.1.tlog
E:\C-p\code\nsi\nsi\Debug\link.10624-cvtres.write.1.tlog
E:\C-p\code\nsi\nsi\Debug\link.11696.read.1.tlog
E:\C-p\code\nsi\nsi\Debug\link.11696.write.1.tlog
E:\C-p\code\nsi\nsi\Debug\link.11696-cvtres.read.1.tlog
E:\C-p\code\nsi\nsi\Debug\link.11696-cvtres.write.1.tlog
E:\C-p\code\nsi\nsi\Debug\link.11884.read.1.tlog
E:\C-p\code\nsi\nsi\Debug\link.11884.write.1.tlog
E:\C-p\code\nsi\nsi\Debug\link.11884-cvtres.read.1.tlog
E:\C-p\code\nsi\nsi\Debug\link.11884-cvtres.write.1.tlog
E:\C-p\code\nsi\nsi\Debug\link.12404.read.1.tlog
E:\C-p\code\nsi\nsi\Debug\link.12404.write.1.tlog
E:\C-p\code\nsi\nsi\Debug\link.12404-cvtres.read.1.tlog
E:\C-p\code\nsi\nsi\Debug\link.12404-cvtres.write.1.tlog
E:\C-p\code\nsi\nsi\Debug\link.1404.read.1.tlog
E:\C-p\code\nsi\nsi\Debug\link.1404.write.1.tlog
E:\C-p\code\nsi\nsi\Debug\link.1404-cvtres.read.1.tlog
E:\C-p\code\nsi\nsi\Debug\link.1404-cvtres.write.1.tlog
E:\C-p\code\nsi\nsi\Debug\link.14540.read.1.tlog
E:\C-p\code\nsi\nsi\Debug\link.14540.write.1.tlog
E:\C-p\code\nsi\nsi\Debug\link.14540-cvtres.read.1.tlog
E:\C-p\code\nsi\nsi\Debug\link.14540-cvtres.write.1.tlog
E:\C-p\code\nsi\nsi\Debug\link.14776.read.1.tlog
E:\C-p\code\nsi\nsi\Debug\link.14776.write.1.tlog
E:\C-p\code\nsi\nsi\Debug\link.14776-cvtres.read.1.tlog
E:\C-p\code\nsi\nsi\Debug\link.14776-cvtres.write.1.tlog
E:\C-p\code\nsi\nsi\Debug\link.14864.read.1.tlog
E:\C-p\code\nsi\nsi\Debug\link.14864.write.1.tlog
E:\C-p\code\nsi\nsi\Debug\link.14864-cvtres.read.1.tlog
E:\C-p\code\nsi\nsi\Debug\link.14864-cvtres.write.1.tlog
E:\C-p\code\nsi\nsi\Debug\link.5176.read.1.tlog
E:\C-p\code\nsi\nsi\Debug\link.5176.write.1.tlog
E:\C-p\code\nsi\nsi\Debug\link.5176-cvtres.read.1.tlog
E:\C-p\code\nsi\nsi\Debug\link.5176-cvtres.write.1.tlog
E:\C-p\code\nsi\nsi\Debug\link.6932.read.1.tlog
E:\C-p\code\nsi\nsi\Debug\link.6932.write.1.tlog
E:\C-p\code\nsi\nsi\Debug\link.6932-cvtres.read.1.tlog
E:\C-p\code\nsi\nsi\Debug\link.6932-cvtres.write.1.tlog
E:\C-p\code\nsi\nsi\Debug\link.7888.read.1.tlog
E:\C-p\code\nsi\nsi\Debug\link.7888.write.1.tlog
E:\C-p\code\nsi\nsi\Debug\link.7888-cvtres.read.1.tlog
E:\C-p\code\nsi\nsi\Debug\link.7888-cvtres.write.1.tlog
E:\C-p\code\nsi\nsi\Debug\link.command.1.tlog
E:\C-p\code\nsi\nsi\Debug\link.read.1.tlog
E:\C-p\code\nsi\nsi\Debug\link.write.1.tlog
E:\C-p\code\nsi\nsi\Debug\link-cvtres.read.1.tlog
E:\C-p\code\nsi\nsi\Debug\link-cvtres.write.1.tlog
E:\C-p\code\nsi\nsi\Debug\mt.command.1.tlog
E:\C-p\code\nsi\nsi\Debug\mt.read.1.tlog
E:\C-p\code\nsi\nsi\Debug\mt.write.1.tlog
E:\C-P\CODE\NSI\NSI\DEBUG\NETDATA.OBJ
E:\C-P\CODE\NSI\NSI\DEBUG\NSI.EXE.EMBED.MANIFEST
E:\C-P\CODE\NSI\NSI\DEBUG\NSI.EXE.EMBED.MANIFEST.RES
E:\C-P\CODE\NSI\NSI\DEBUG\NSI.EXE.INTERMEDIATE.MANIFEST
E:\C-P\CODE\NSI\NSI\DEBUG\NSI.OBJ
E:\C-p\code\nsi\nsi\Debug\nsi.vcxprojResolveAssemblyReference.cache
E:\C-p\code\nsi\nsi\Debug\nsi.write.1.tlog
E:\C-p\code\nsi\nsi\Debug\nsi_manifest.rc
E:\C-p\code\nsi\nsi\Debug\rc.command.1.tlog
E:\C-p\code\nsi\nsi\Debug\rc.read.1.tlog
E:\C-p\code\nsi\nsi\Debug\rc.write.1.tlog
E:\C-p\code\nsi\nsi\Debug\vc100.idb
E:\C-P\CODE\NSI\NSI\DEBUG\VC100.PDB
